Warning: Failed to post to 'http://127.0.0.1:8182/shunra/api/emulation/packetCaptureOnly', retcode=7.
Warning: Failed to start NV emulation. Perhaps the NV server is not working, and therefore a NV report will not be generated.
Virtual User Script started at: 21.03.2020 18:16:43
Starting action vuser_init.
Web Turbo Replay of LoadRunner 12.55.0 for Windows 10; build 911 (июл 24 2017 19:46:00)  	[MsgId: MMSG-26983]
Run mode: HTML  	[MsgId: MMSG-26993]
Replay user agent: Mozilla/5.0 (Windows NT 10.0; WOW64; Trident/7.0; rv:11.0) like Gecko  	[MsgId: MMSG-26988]
Run-Time Settings file: "C:\Users\AMD WIN\Documents\VuGen\Scripts\TestSAD\\default.cfg"  	[MsgId: MMSG-27141]
Warning: Failed to get NV emulation handle.
vuser_init.c(3): i am unit vuser_init
Ending action vuser_init.
Running Vuser...
Starting iteration 1.
Maximum number of concurrent connections per server: 6  	[MsgId: MMSG-26989]
Starting action allpha.
Warning: Failed to get NV emulation handle.
allpha.c(5): web_url("SAD") started  	[MsgId: MMSG-26355]
allpha.c(5): Found resource "http://localhost:8081/SAD/style.css" in HTML "http://localhost:8081/SAD/"  	[MsgId: MMSG-26659]
allpha.c(5): Found resource "http://localhost:8081/SAD/script.js" in HTML "http://localhost:8081/SAD/"  	[MsgId: MMSG-26659]
allpha.c(5): Downloading resource "http://localhost:8081/favicon.ico" (specified by argument number 9)  	[MsgId: MMSG-26577]
allpha.c(5): web_url("SAD") was successful, 40089 body bytes, 1005 header bytes  	[MsgId: MMSG-26386]
allpha.c(20): web_custom_request("ServletStandartMode") started  	[MsgId: MMSG-26355]
allpha.c(20): web_custom_request("ServletStandartMode") was successful, 249 body bytes, 162 header bytes  	[MsgId: MMSG-26386]
allpha.c(37): web_custom_request("ServletStandartMode_2") started  	[MsgId: MMSG-26355]
allpha.c(37): web_custom_request("ServletStandartMode_2") was successful, 253 body bytes, 162 header bytes  	[MsgId: MMSG-26386]
allpha.c(52): web_custom_request("ServletStandartMode_2") started  	[MsgId: MMSG-26355]
allpha.c(52): web_custom_request("ServletStandartMode_2") was successful, 258 body bytes, 162 header bytes  	[MsgId: MMSG-26386]
Ending action allpha.
Starting action betta.
Warning: Failed to get NV emulation handle.
betta.c(4): web_url("SAD") started  	[MsgId: MMSG-26355]
betta.c(4): Retrieving data from cache for "http://localhost:8081/SAD/"  	[MsgId: MMSG-26558]
betta.c(4): Resource "http://localhost:8081/SAD/style.css" is in the cache already and will not be downloaded again  	[MsgId: MMSG-26655]
betta.c(4): Resource "http://localhost:8081/SAD/script.js" is in the cache already and will not be downloaded again  	[MsgId: MMSG-26655]
betta.c(4): Resource "http://localhost:8081/favicon.ico" is in the cache already and will not be downloaded again  	[MsgId: MMSG-26655]
betta.c(4): web_url("SAD") was successful, 0 body bytes, 0 header bytes  	[MsgId: MMSG-26386]
betta.c(19): web_custom_request("ServletReportMode") started  	[MsgId: MMSG-26355]
betta.c(19): web_custom_request("ServletReportMode") was successful, 0 body bytes, 160 header bytes  	[MsgId: MMSG-26386]
betta.c(30): web_submit_data("ServletClassicalReport") started  	[MsgId: MMSG-26355]
betta.c(30): web_submit_data("ServletClassicalReport") was successful, 2418 body bytes, 163 header bytes  	[MsgId: MMSG-26386]
betta.c(45): web_custom_request("ServletReportMode_2") started  	[MsgId: MMSG-26355]
betta.c(45): web_custom_request("ServletReportMode_2") was successful, 0 body bytes, 160 header bytes  	[MsgId: MMSG-26386]
betta.c(56): web_submit_data("ServletClassicalReport_2") started  	[MsgId: MMSG-26355]
betta.c(56): web_submit_data("ServletClassicalReport_2") was successful, 1203 body bytes, 163 header bytes  	[MsgId: MMSG-26386]
Ending action betta.
Ending iteration 1.
Ending Vuser...
Starting action vuser_end.
Warning: Failed to get NV emulation handle.
Ending action vuser_end.
Vuser Terminated.
